<?xml version="1.0" encoding="UTF-8"?>
<!-- Generated by org.testng.reporters.JUnitReportReporter -->
<testsuite hostname="DESKTOP-NTHCL5O" name="rest.Response1" tests="1" failures="0" timestamp="5 Dec 2020 13:34:53 GMT" time="5.276" errors="0">
  <testcase name="user" time="5.276" classname="rest.Response1"/>
</testsuite> <!-- rest.Response1 -->
