<?xml version="1.0" encoding="UTF-8"?>
<!-- Generated by org.testng.reporters.JUnitReportReporter -->
<testsuite hostname="DESKTOP-NTHCL5O" name="rest.ResponseStatusCodeNeg" tests="1" failures="0" timestamp="8 Dec 2020 12:26:52 GMT" time="6.086" errors="0">
  <testcase name="responseStautsCode" time="6.086" classname="rest.ResponseStatusCodeNeg"/>
</testsuite> <!-- rest.ResponseStatusCodeNeg -->
