<?xml version="1.0" encoding="UTF-8"?>
<!-- Generated by org.testng.reporters.JUnitReportReporter -->
<testsuite hostname="DESKTOP-NTHCL5O" name="rest.ResponseStatusCod" tests="1" failures="0" timestamp="8 Dec 2020 05:07:02 GMT" time="6.042" errors="0">
  <testcase name="responseStautsCode" time="6.042" classname="rest.ResponseStatusCod"/>
</testsuite> <!-- rest.ResponseStatusCod -->
