<?xml version="1.0" encoding="UTF-8"?>
<!-- Generated by org.testng.reporters.JUnitReportReporter -->
<testsuite hostname="DESKTOP-NTHCL5O" name="rest.ResponseParsing" tests="1" failures="0" timestamp="8 Dec 2020 01:58:16 GMT" time="7.852" errors="0">
  <testcase name="responseParsing" time="7.852" classname="rest.ResponseParsing"/>
</testsuite> <!-- rest.ResponseParsing -->
