<?xml version="1.0" encoding="UTF-8"?>
<!-- Generated by org.testng.reporters.JUnitReportReporter -->
<testsuite hostname="DESKTOP-NTHCL5O" name="rest.ResponseStatusCod" tests="1" failures="0" timestamp="6 Dec 2020 11:22:41 GMT" time="6.312" errors="0">
  <testcase name="responseStautsCode" time="6.312" classname="rest.ResponseStatusCod"/>
</testsuite> <!-- rest.ResponseStatusCod -->
