<?xml version="1.0" encoding="UTF-8"?>
<!-- Generated by org.testng.reporters.JUnitReportReporter -->
<testsuite hostname="DESKTOP-NTHCL5O" name="step.StepDefi" tests="4" failures="0" timestamp="9 Dec 2020 04:34:22 GMT" time="7.527" errors="0">
  <testcase name="posted_with_correct_information" time="5.218" classname="step.StepDefi"/>
  <testcase name="posted_with_correct_information" time="1.063" classname="step.StepDefi"/>
  <testcase name="api_for_foreign_exchange" time="1.203" classname="step.StepDefi"/>
  <testcase name="validate_positive_response_code_recieved" time="0.043" classname="step.StepDefi"/>
</testsuite> <!-- step.StepDefi -->
